2026-07-22 18:04:59.757 xcodebuild[4391:8065559] [MT] IDEDistribution: -[IDEDistributionLogging _createLoggingBundleAtPath:]: Created bundle at path "/var/folders/tq/8qw05kv5679cdbyvxrrdgg080000gn/T/koum_2026-07-22_18-04-59.756.xcdistributionlogs".
2026-07-22 18:05:21.563 xcodebuild[4391:8065559] Starting upload
2026-07-22 18:05:22.793 xcodebuild[4391:8070418] Progress 0%: Making copy of ‘Koum.ipa’…
2026-07-22 18:05:22.794 xcodebuild[4391:8070418] Progress 0%: Making copy of ‘Koum.ipa’…
2026-07-22 18:05:22.794 xcodebuild[4391:8070484] Progress 0%: Preparing to upload ‘Koum.ipa’…
2026-07-22 18:05:22.840 xcodebuild[4391:8070484] Progress 0%: Analyzing package…
2026-07-22 18:05:25.065 xcodebuild[4391:8070481] Progress 0%: Sending analysis to App Store Connect…
2026-07-22 18:05:26.589 xcodebuild[4391:8070481] Progress 0%: Waiting for App Store Connect analysis response…
2026-07-22 18:05:45.556 xcodebuild[4391:8070489] Progress 0%: Sending SPI analysis to App Store Connect…
2026-07-22 18:05:46.529 xcodebuild[4391:8070489] Progress 0%: Waiting for App Store Connect SPI analysis response…
2026-07-22 18:05:56.126 xcodebuild[4391:8070489] Progress 0%: Requesting upload instructions from App Store Connect…
2026-07-22 18:05:56.559 xcodebuild[4391:8070489] Progress 0%: Preparing file for upload to App Store Connect…
2026-07-22 18:05:56.564 xcodebuild[4391:8070489] Progress 0%: Preparing file for upload to App Store Connect…
2026-07-22 18:05:56.564 xcodebuild[4391:8070489] Progress 0%: Uploading to App Store Connect…
2026-07-22 18:05:56.585 xcodebuild[4391:8070489] Progress 41%: Uploading to App Store Connect…
2026-07-22 18:05:56.585 xcodebuild[4391:8070489] Progress 41%: Uploading to App Store Connect…
2026-07-22 18:05:57.402 xcodebuild[4391:8070489] Progress 98%: Uploading to App Store Connect…
2026-07-22 18:05:57.403 xcodebuild[4391:8070489] Progress 98%: Uploading to App Store Connect…
2026-07-22 18:05:57.881 xcodebuild[4391:8070489] Progress 98%: Completing upload…
2026-07-22 18:05:59.453 xcodebuild[4391:8070489] Progress 98%: Waiting for package to begin processing…
2026-07-22 18:05:59.606 xcodebuild[4391:8070489] Progress 98%: Uploaded package is processing.
2026-07-22 18:05:59.610 xcodebuild[4391:8070489] Progress 98%: Upload succeeded.
Uploaded koum
** EXPORT SUCCEEDED **

